{
  "stats": {
    "suites": 1,
    "tests": 2,
    "passes": 1,
    "pending": 1,
    "failures": 0,
    "start": "2022-05-01T12:56:37.483Z",
    "end": "2022-05-01T12:56:49.621Z",
    "duration": 12138,
    "testsRegistered": 2,
    "passPercent": 100,
    "pendingPercent": 50,
    "other": 0,
    "hasOther": false,
    "skipped": 0,
    "hasSkipped": false
  },
  "results": [
    {
      "uuid": "d39c4b41-72e0-47b9-84a5-c066df26dd09",
      "title": "",
      "fullFile": "cypress/integration/login.spec.js",
      "file": "cypress/integration/login.spec.js",
      "beforeHooks": [],
      "afterHooks": [],
      "tests": [],
      "suites": [
        {
          "uuid": "2bab5ab1-fb16-4439-9e83-31ece4a47a6b",
          "title": "Login Test",
          "fullFile": "",
          "file": "",
          "beforeHooks": [],
          "afterHooks": [],
          "tests": [
            {
              "title": "check user can login successfully",
              "fullTitle": "Login Test check user can login successfully",
              "timedOut": null,
              "duration": 8752,
              "state": "passed",
              "speed": "medium",
              "pass": true,
              "fail": false,
              "pending": false,
              "context": null,
              "code": "// cy.viewport('iphone-x')\ncy.visit('http://automationpractice.com/index.php');\ncy.get('.login').click();\ncy.get('#email').type('olajay8218@yahoo.com');\ncy.get('#passwd').type('John+101');\ncy.get('#SubmitLogin > span').click(); // cy.get('.account > span').contains('Mike Davies')\n// cy.get('.logout').click()",
              "err": {},
              "uuid": "d303cded-05f8-43a9-a8d9-8472e556d7e4",
              "parentUUID": "2bab5ab1-fb16-4439-9e83-31ece4a47a6b",
              "isHook": false,
              "skipped": false
            },
            {
              "title": "check error message is display when user login with incorrect details",
              "fullTitle": "Login Test check error message is display when user login with incorrect details",
              "timedOut": null,
              "duration": 0,
              "state": "pending",
              "speed": null,
              "pass": false,
              "fail": false,
              "pending": true,
              "context": null,
              "code": "",
              "err": {},
              "uuid": "bca36a37-cf4d-4cb5-b87f-a83c2e13baec",
              "parentUUID": "2bab5ab1-fb16-4439-9e83-31ece4a47a6b",
              "isHook": false,
              "skipped": false
            }
          ],
          "suites": [],
          "passes": [
            "d303cded-05f8-43a9-a8d9-8472e556d7e4"
          ],
          "failures": [],
          "pending": [
            "bca36a37-cf4d-4cb5-b87f-a83c2e13baec"
          ],
          "skipped": [],
          "duration": 8752,
          "root": false,
          "rootEmpty": false,
          "_timeout": 2000
        }
      ],
      "passes": [],
      "failures": [],
      "pending": [],
      "skipped": [],
      "duration": 0,
      "root": true,
      "rootEmpty": true,
      "_timeout": 2000
    }
  ],
  "meta": {
    "mocha": {
      "version": "7.0.1"
    },
    "mochawesome": {
      "options": {
        "quiet": false,
        "reportFilename": "mochawesome",
        "saveHtml": true,
        "saveJson": true,
        "consoleReporter": "spec",
        "useInlineDiffs": false,
        "code": true
      },
      "version": "7.1.3"
    },
    "marge": {
      "options": null,
      "version": "6.2.0"
    }
  }
}